<?xml version="1.0" encoding="UTF-8"?>
<testsuite name="com.mindex.challenge.service.impl.CompensationServiceImplTest" tests="1" skipped="0" failures="0" errors="0" timestamp="2024-10-13T16:38:09" hostname="DESKTOP-GTHBVVF" time="0.892">
  <properties/>
  <testcase name="testCreateReadUpdate" classname="com.mindex.challenge.service.impl.CompensationServiceImplTest" time="0.892"/>
  <system-out><![CDATA[12:38:06.030 [Test worker] INFO org.springframework.test.context.support.AnnotationConfigContextLoaderUtils -- Could not detect default configuration classes for test class [com.mindex.challenge.service.impl.CompensationServiceImplTest]: CompensationServiceImplTest does not declare any static, non-private, non-final, nested classes annotated with @Configuration.
12:38:06.158 [Test worker] INFO org.springframework.boot.test.context.SpringBootTestContextBootstrapper -- Found @SpringBootConfiguration com.mindex.challenge.ChallengeApplication for test class com.mindex.challenge.service.impl.CompensationServiceImplTest

  .   ____          _            __ _ _
 /\\ / ___'_ __ _ _(_)_ __  __ _ \ \ \ \
( ( )\___ | '_ | '_| | '_ \/ _` | \ \ \ \
 \\/  ___)| |_)| | | | | || (_| |  ) ) ) )
  '  |____| .__|_| |_|_| |_\__, | / / / /
 =========|_|==============|___/=/_/_/_/
 :: Spring Boot ::                (v3.2.3)

2024-10-13T12:38:06.584-04:00  INFO 15032 --- [    Test worker] c.m.c.s.i.CompensationServiceImplTest    : Starting CompensationServiceImplTest using Java 21.0.4 with PID 15032 (started by steve in C:\Users\steve\Downloads\mindex-code-challenge\mindex-code-challenge)
2024-10-13T12:38:06.585-04:00 DEBUG 15032 --- [    Test worker] c.m.c.s.i.CompensationServiceImplTest    : Running with Spring Boot v3.2.3, Spring v6.1.4
2024-10-13T12:38:06.586-04:00  INFO 15032 --- [    Test worker] c.m.c.s.i.CompensationServiceImplTest    : No active profile set, falling back to 1 default profile: "default"
2024-10-13T12:38:07.280-04:00  INFO 15032 --- [    Test worker] .s.d.r.c.RepositoryConfigurationDelegate : Bootstrapping Spring Data MongoDB repositories in DEFAULT mode.
2024-10-13T12:38:07.325-04:00  INFO 15032 --- [    Test worker] .s.d.r.c.RepositoryConfigurationDelegate : Finished Spring Data repository scanning in 38 ms. Found 2 MongoDB repository interfaces.
2024-10-13T12:38:08.056-04:00  INFO 15032 --- [    Test worker] o.s.b.w.embedded.tomcat.TomcatWebServer  : Tomcat initialized with port 0 (http)
2024-10-13T12:38:08.074-04:00  INFO 15032 --- [    Test worker] o.apache.catalina.core.StandardService   : Starting service [Tomcat]
2024-10-13T12:38:08.074-04:00  INFO 15032 --- [    Test worker] o.apache.catalina.core.StandardEngine    : Starting Servlet engine: [Apache Tomcat/10.1.19]
2024-10-13T12:38:08.147-04:00  INFO 15032 --- [    Test worker] o.a.c.c.C.[Tomcat].[localhost].[/]       : Initializing Spring embedded WebApplicationContext
2024-10-13T12:38:08.150-04:00  INFO 15032 --- [    Test worker] w.s.c.ServletWebServerApplicationContext : Root WebApplicationContext: initialization completed in 1525 ms
2024-10-13T12:38:08.432-04:00  INFO 15032 --- [    Test worker] de.bwaldvogel.mongo.MongoServer          : started MongoServer(port: 58521, ssl: false)
2024-10-13T12:38:08.577-04:00  INFO 15032 --- [    Test worker] org.mongodb.driver.client                : MongoClient with metadata {"driver": {"name": "mongo-java-driver|sync", "version": "4.11.1"}, "os": {"type": "Windows", "name": "Windows 11", "architecture": "amd64", "version": "10.0"}, "platform": "Java/Amazon.com Inc./21.0.4+7-LTS"} created with settings MongoClientSettings{readPreference=primary, writeConcern=WriteConcern{w=null, wTimeout=null ms, journal=null}, retryWrites=true, retryReads=true, readConcern=ReadConcern{level=null}, credential=null, transportSettings=null, streamFactoryFactory=null, commandListeners=[], codecRegistry=ProvidersCodecRegistry{codecProviders=[ValueCodecProvider{}, BsonValueCodecProvider{}, DBRefCodecProvider{}, DBObjectCodecProvider{}, DocumentCodecProvider{}, CollectionCodecProvider{}, IterableCodecProvider{}, MapCodecProvider{}, GeoJsonCodecProvider{}, GridFSFileCodecProvider{}, Jsr310CodecProvider{}, JsonObjectCodecProvider{}, BsonCodecProvider{}, EnumCodecProvider{}, com.mongodb.client.model.mql.ExpressionCodecProvider@251a90ce, com.mongodb.Jep395RecordCodecProvider@4c4c7d6c, com.mongodb.KotlinCodecProvider@7f0766ef]}, loggerSettings=LoggerSettings{maxDocumentLength=1000}, clusterSettings={hosts=[127.0.0.1:58521], srvServiceName=mongodb, mode=SINGLE, requiredClusterType=UNKNOWN, requiredReplicaSetName='null', serverSelector='null', clusterListeners='[]', serverSelectionTimeout='30000 ms', localThreshold='15 ms'}, socketSettings=SocketSettings{connectTimeoutMS=10000, readTimeoutMS=0, receiveBufferSize=0, proxySettings=ProxySettings{host=null, port=null, username=null, password=null}}, heartbeatSocketSettings=SocketSettings{connectTimeoutMS=10000, readTimeoutMS=10000, receiveBufferSize=0, proxySettings=ProxySettings{host=null, port=null, username=null, password=null}}, connectionPoolSettings=ConnectionPoolSettings{maxSize=100, minSize=0, maxWaitTimeMS=120000, maxConnectionLifeTimeMS=0, maxConnectionIdleTimeMS=0, maintenanceInitialDelayMS=0, maintenanceFrequencyMS=60000, connectionPoolListeners=[], maxConnecting=2}, serverSettings=ServerSettings{heartbeatFrequencyMS=10000, minHeartbeatFrequencyMS=500, serverListeners='[]', serverMonitorListeners='[]'}, sslSettings=SslSettings{enabled=false, invalidHostNameAllowed=false, context=null}, applicationName='null', compressorList=[], uuidRepresentation=UNSPECIFIED, serverApi=null, autoEncryptionSettings=null, dnsClient=null, inetAddressResolver=null, contextProvider=null}
2024-10-13T12:38:08.593-04:00  INFO 15032 --- [-server-worker1] d.b.mongo.wire.MongoWireProtocolHandler  : client [id: 0x0386e5b1, L:/127.0.0.1:58521 - R:/127.0.0.1:58522] connected
2024-10-13T12:38:08.593-04:00  INFO 15032 --- [-server-worker2] d.b.mongo.wire.MongoWireProtocolHandler  : client [id: 0x0c2b19d2, L:/127.0.0.1:58521 - R:/127.0.0.1:58523] connected
2024-10-13T12:38:08.684-04:00  INFO 15032 --- [127.0.0.1:58521] org.mongodb.driver.cluster               : Monitor thread successfully connected to server with description ServerDescription{address=127.0.0.1:58521, type=STANDALONE, state=CONNECTED, ok=true, minWireVersion=0, maxWireVersion=6, maxDocumentSize=16777216, logicalSessionTimeoutMinutes=null, roundTripTimeNanos=107234400}
2024-10-13T12:38:09.291-04:00  INFO 15032 --- [-server-worker3] d.b.mongo.wire.MongoWireProtocolHandler  : client [id: 0x4db56d49, L:/127.0.0.1:58521 - R:/127.0.0.1:58524] connected
2024-10-13T12:38:09.332-04:00  INFO 15032 --- [-server-worker3] d.b.mongo.backend.AbstractMongoBackend   : created database test
2024-10-13T12:38:09.338-04:00  INFO 15032 --- [-server-worker3] d.b.mongo.backend.AbstractMongoDatabase  : adding unique _id index for collection employee
2024-10-13T12:38:09.346-04:00  INFO 15032 --- [-server-worker3] d.b.mongo.backend.AbstractMongoDatabase  : created collection test.employee
2024-10-13T12:38:09.849-04:00  INFO 15032 --- [    Test worker] o.s.b.w.embedded.tomcat.TomcatWebServer  : Tomcat started on port 58525 (http) with context path ''
2024-10-13T12:38:09.868-04:00  INFO 15032 --- [    Test worker] c.m.c.s.i.CompensationServiceImplTest    : Started CompensationServiceImplTest in 3.562 seconds (process running for 4.684)
2024-10-13T12:38:10.646-04:00  INFO 15032 --- [o-auto-1-exec-2] o.a.c.c.C.[Tomcat].[localhost].[/]       : Initializing Spring DispatcherServlet 'dispatcherServlet'
2024-10-13T12:38:10.647-04:00  INFO 15032 --- [o-auto-1-exec-2] o.s.web.servlet.DispatcherServlet        : Initializing Servlet 'dispatcherServlet'
2024-10-13T12:38:10.648-04:00  INFO 15032 --- [o-auto-1-exec-2] o.s.web.servlet.DispatcherServlet        : Completed initialization in 1 ms
2024-10-13T12:38:10.685-04:00 DEBUG 15032 --- [o-auto-1-exec-2] c.m.c.controller.EmployeeController      : Received employee create request for [com.mindex.challenge.data.Employee@4d05cb91]
2024-10-13T12:38:10.686-04:00 DEBUG 15032 --- [o-auto-1-exec-2] c.m.c.service.impl.EmployeeServiceImpl   : Creating employee [com.mindex.challenge.data.Employee@4d05cb91]
Compensation: null
2024-10-13T12:38:10.713-04:00 DEBUG 15032 --- [o-auto-1-exec-1] c.m.c.controller.CompensationController  : Received compensation create request for [com.mindex.challenge.data.CompensationRequest@d28f3c]
2024-10-13T12:38:10.713-04:00 DEBUG 15032 --- [o-auto-1-exec-1] c.m.c.s.impl.CompensationServiceImpl     : Creating compensation [com.mindex.challenge.data.Compensation@e157156]
2024-10-13T12:38:10.717-04:00  INFO 15032 --- [-server-worker3] d.b.mongo.backend.AbstractMongoDatabase  : adding unique _id index for collection compensation
2024-10-13T12:38:10.719-04:00  INFO 15032 --- [-server-worker3] d.b.mongo.backend.AbstractMongoDatabase  : created collection test.compensation
2024-10-13T12:38:10.728-04:00 DEBUG 15032 --- [o-auto-1-exec-3] c.m.c.controller.CompensationController  : Received compensation create request for id [fcfd9619-e124-4ec0-88b5-e86be7d5f6a2]
2024-10-13T12:38:10.728-04:00 DEBUG 15032 --- [o-auto-1-exec-3] c.m.c.s.impl.CompensationServiceImpl     : Creating compensation with id [fcfd9619-e124-4ec0-88b5-e86be7d5f6a2]
2024-10-13T12:38:10.770-04:00 DEBUG 15032 --- [o-auto-1-exec-4] c.m.c.controller.CompensationController  : Received compensation update request for id [fcfd9619-e124-4ec0-88b5-e86be7d5f6a2] and compensation [com.mindex.challenge.data.Compensation@4fbe0a50]
2024-10-13T12:38:10.770-04:00 DEBUG 15032 --- [o-auto-1-exec-4] c.m.c.s.impl.CompensationServiceImpl     : Updating compensation [com.mindex.challenge.data.Compensation@4fbe0a50]
]]></system-out>
  <system-err><![CDATA[WARNING: A Java agent has been loaded dynamically (C:\Users\steve\.gradle\caches\modules-2\files-2.1\net.bytebuddy\byte-buddy-agent\1.14.12\be4984cb6fd1ef1d11f218a648889dfda44b8a15\byte-buddy-agent-1.14.12.jar)
WARNING: If a serviceability tool is in use, please run with -XX:+EnableDynamicAgentLoading to hide this warning
WARNING: If a serviceability tool is not in use, please run with -Djdk.instrument.traceUsage for more information
WARNING: Dynamic loading of agents will be disallowed by default in a future release
]]></system-err>
</testsuite>
